{"C:\\Users\\emanu\\Documents\\Proyectos\\backend-entregas\\clase42\\src\\api\\products.ts": {"path":"C:\\Users\\emanu\\Documents\\Proyectos\\backend-entregas\\clase42\\src\\api\\products.ts","statementMap":{"0":{"start":{"line":2,"column":0},"end":{"line":2,"column":32}},"1":{"start":{"line":3,"column":0},"end":{"line":3,"column":44}},"2":{"start":{"line":4,"column":0},"end":{"line":4,"column":82}},"3":{"start":{"line":6,"column":0},"end":{"line":6,"column":54}},"4":{"start":{"line":13,"column":4},"end":{"line":13,"column":24}},"5":{"start":{"line":17,"column":4},"end":{"line":21,"column":null}},"6":{"start":{"line":18,"column":6},"end":{"line":18,"column":52}},"7":{"start":{"line":19,"column":18},"end":{"line":19,"column":67}},"8":{"start":{"line":20,"column":6},"end":{"line":20,"column":50}},"9":{"start":{"line":23,"column":4},"end":{"line":23,"column":32}},"10":{"start":{"line":27,"column":37},"end":{"line":27,"column":68}},"11":{"start":{"line":29,"column":4},"end":{"line":34,"column":null}},"12":{"start":{"line":30,"column":6},"end":{"line":33,"column":8}},"13":{"start":{"line":36,"column":4},"end":{"line":38,"column":6}},"14":{"start":{"line":42,"column":4},"end":{"line":42,"column":33}},"15":{"start":{"line":46,"column":4},"end":{"line":46,"column":35}},"16":{"start":{"line":50,"column":4},"end":{"line":50,"column":52}},"17":{"start":{"line":54,"column":4},"end":{"line":54,"column":36}},"18":{"start":{"line":8,"column":0},"end":{"line":8,"column":21}}},"fnMap":{"0":{"name":"(anonymous_8)","decl":{"start":{"line":12,"column":2},"end":{"line":12,"column":22}},"loc":{"start":{"line":12,"column":38},"end":{"line":14,"column":3}}},"1":{"name":"(anonymous_9)","decl":{"start":{"line":16,"column":2},"end":{"line":16,"column":8}},"loc":{"start":{"line":16,"column":26},"end":{"line":24,"column":null}}},"2":{"name":"(anonymous_11)","decl":{"start":{"line":26,"column":2},"end":{"line":26,"column":16}},"loc":{"start":{"line":26,"column":26},"end":{"line":39,"column":3}}},"3":{"name":"(anonymous_12)","decl":{"start":{"line":41,"column":2},"end":{"line":41,"column":12}},"loc":{"start":{"line":41,"column":24},"end":{"line":43,"column":3}}},"4":{"name":"(anonymous_13)","decl":{"start":{"line":45,"column":2},"end":{"line":45,"column":12}},"loc":{"start":{"line":45,"column":30},"end":{"line":47,"column":3}}},"5":{"name":"(anonymous_14)","decl":{"start":{"line":49,"column":2},"end":{"line":49,"column":15}},"loc":{"start":{"line":49,"column":55},"end":{"line":51,"column":3}}},"6":{"name":"(anonymous_15)","decl":{"start":{"line":53,"column":2},"end":{"line":53,"column":15}},"loc":{"start":{"line":53,"column":26},"end":{"line":55,"column":3}}}},"branchMap":{"0":{"loc":{"start":{"line":17,"column":4},"end":{"line":21,"column":null}},"type":"if","locations":[{"start":{"line":17,"column":4},"end":{"line":21,"column":null}}]},"1":{"loc":{"start":{"line":29,"column":4},"end":{"line":34,"column":null}},"type":"if","locations":[{"start":{"line":29,"column":4},"end":{"line":34,"column":null}}]}},"s":{"0":1,"1":1,"2":1,"3":1,"4":1,"5":1,"6":1,"7":1,"8":1,"9":1,"10":0,"11":0,"12":0,"13":0,"14":0,"15":0,"16":0,"17":0,"18":1},"f":{"0":1,"1":1,"2":0,"3":0,"4":0,"5":0,"6":0},"b":{"0":[1],"1":[0]}}
,"C:\\Users\\emanu\\Documents\\Proyectos\\backend-entregas\\clase42\\src\\config\\index.ts": {"path":"C:\\Users\\emanu\\Documents\\Proyectos\\backend-entregas\\clase42\\src\\config\\index.ts","statementMap":{"0":{"start":{"line":1,"column":0},"end":{"line":1,"column":28}},"1":{"start":{"line":2,"column":0},"end":{"line":2,"column":16}},"2":{"start":{"line":4,"column":0},"end":{"line":4,"column":null}},"3":{"start":{"line":5,"column":2},"end":{"line":5,"column":null}},"4":{"start":{"line":6,"column":2},"end":{"line":6,"column":null}},"5":{"start":{"line":7,"column":2},"end":{"line":7,"column":null}},"6":{"start":{"line":10,"column":17},"end":{"line":10,"column":58}},"7":{"start":{"line":12,"column":0},"end":{"line":15,"column":null}},"8":{"start":{"line":13,"column":2},"end":{"line":13,"column":44}},"9":{"start":{"line":14,"column":2},"end":{"line":14,"column":61}},"10":{"start":{"line":17,"column":0},"end":{"line":22,"column":2}}},"fnMap":{"0":{"name":"(anonymous_1)","decl":{"start":{"line":4,"column":0},"end":{"line":4,"column":12}},"loc":{"start":{"line":4,"column":27},"end":{"line":8,"column":1}}}},"branchMap":{"0":{"loc":{"start":{"line":4,"column":12},"end":{"line":4,"column":null}},"type":"binary-expr","locations":[{"start":{"line":4,"column":12},"end":{"line":4,"column":27}},{"start":{"line":4,"column":12},"end":{"line":4,"column":null}}]},"1":{"loc":{"start":{"line":10,"column":17},"end":{"line":10,"column":58}},"type":"binary-expr","locations":[{"start":{"line":10,"column":17},"end":{"line":10,"column":44}},{"start":{"line":10,"column":48},"end":{"line":10,"column":58}}]},"2":{"loc":{"start":{"line":12,"column":0},"end":{"line":15,"column":null}},"type":"if","locations":[{"start":{"line":12,"column":0},"end":{"line":15,"column":null}}]},"3":{"loc":{"start":{"line":14,"column":15},"end":{"line":14,"column":60}},"type":"binary-expr","locations":[{"start":{"line":14,"column":15},"end":{"line":14,"column":47}},{"start":{"line":14,"column":51},"end":{"line":14,"column":60}}]},"4":{"loc":{"start":{"line":18,"column":8},"end":{"line":18,"column":32}},"type":"binary-expr","locations":[{"start":{"line":18,"column":8},"end":{"line":18,"column":24}},{"start":{"line":18,"column":28},"end":{"line":18,"column":32}}]},"5":{"loc":{"start":{"line":19,"column":19},"end":{"line":19,"column":43}},"type":"binary-expr","locations":[{"start":{"line":19,"column":19},"end":{"line":19,"column":29}},{"start":{"line":19,"column":33},"end":{"line":19,"column":43}}]},"6":{"loc":{"start":{"line":20,"column":19},"end":{"line":20,"column":65}},"type":"binary-expr","locations":[{"start":{"line":20,"column":19},"end":{"line":20,"column":46}},{"start":{"line":20,"column":50},"end":{"line":20,"column":65}}]}},"s":{"0":1,"1":1,"2":1,"3":1,"4":1,"5":1,"6":1,"7":1,"8":1,"9":1,"10":1},"f":{"0":1},"b":{"0":[1,1],"1":[1,0],"2":[1],"3":[1,0],"4":[1,1],"5":[1,0],"6":[1,1]}}
,"C:\\Users\\emanu\\Documents\\Proyectos\\backend-entregas\\clase42\\src\\controllers\\products.ts": {"path":"C:\\Users\\emanu\\Documents\\Proyectos\\backend-entregas\\clase42\\src\\controllers\\products.ts","statementMap":{"0":{"start":{"line":1,"column":0},"end":{"line":1,"column":42}},"1":{"start":{"line":3,"column":0},"end":{"line":3,"column":58}},"2":{"start":{"line":7,"column":0},"end":{"line":9,"column":3}},"3":{"start":{"line":8,"column":2},"end":{"line":8,"column":26}},"4":{"start":{"line":11,"column":15},"end":{"line":20,"column":2}},"5":{"start":{"line":11,"column":73},"end":{"line":20,"column":2}},"6":{"start":{"line":12,"column":17},"end":{"line":12,"column":27}},"7":{"start":{"line":14,"column":17},"end":{"line":14,"column":50}},"8":{"start":{"line":15,"column":2},"end":{"line":17,"column":null}},"9":{"start":{"line":16,"column":4},"end":{"line":16,"column":71}},"10":{"start":{"line":19,"column":2},"end":{"line":19,"column":9}},"11":{"start":{"line":22,"column":17},"end":{"line":31,"column":2}},"12":{"start":{"line":22,"column":75},"end":{"line":31,"column":2}},"13":{"start":{"line":23,"column":17},"end":{"line":23,"column":54}},"14":{"start":{"line":25,"column":2},"end":{"line":30,"column":16}},"15":{"start":{"line":26,"column":4},"end":{"line":29,"column":6}},"16":{"start":{"line":27,"column":49},"end":{"line":27,"column":58}},"17":{"start":{"line":30,"column":9},"end":{"line":30,"column":16}},"18":{"start":{"line":33,"column":23},"end":{"line":41,"column":2}},"19":{"start":{"line":33,"column":61},"end":{"line":41,"column":2}},"20":{"start":{"line":34,"column":17},"end":{"line":34,"column":27}},"21":{"start":{"line":36,"column":2},"end":{"line":37,"column":null}},"22":{"start":{"line":38,"column":2},"end":{"line":40,"column":5}},"23":{"start":{"line":43,"column":20},"end":{"line":47,"column":2}},"24":{"start":{"line":43,"column":58},"end":{"line":47,"column":2}},"25":{"start":{"line":44,"column":2},"end":{"line":46,"column":5}},"26":{"start":{"line":49,"column":20},"end":{"line":56,"column":2}},"27":{"start":{"line":49,"column":58},"end":{"line":56,"column":2}},"28":{"start":{"line":50,"column":18},"end":{"line":50,"column":57}},"29":{"start":{"line":52,"column":2},"end":{"line":55,"column":5}},"30":{"start":{"line":58,"column":23},"end":{"line":67,"column":2}},"31":{"start":{"line":58,"column":61},"end":{"line":67,"column":2}},"32":{"start":{"line":59,"column":13},"end":{"line":59,"column":26}},"33":{"start":{"line":61,"column":22},"end":{"line":61,"column":68}},"34":{"start":{"line":63,"column":2},"end":{"line":66,"column":5}},"35":{"start":{"line":69,"column":23},"end":{"line":75,"column":2}},"36":{"start":{"line":69,"column":61},"end":{"line":75,"column":2}},"37":{"start":{"line":70,"column":17},"end":{"line":70,"column":27}},"38":{"start":{"line":71,"column":2},"end":{"line":71,"column":39}},"39":{"start":{"line":72,"column":2},"end":{"line":74,"column":5}},"40":{"start":{"line":77,"column":13},"end":{"line":85,"column":2}}},"fnMap":{"0":{"name":"(anonymous_8)","decl":{"start":{"line":7,"column":31},"end":{"line":7,"column":32}},"loc":{"start":{"line":7,"column":44},"end":{"line":9,"column":1}}},"1":{"name":"(anonymous_9)","decl":{"start":{"line":11,"column":15},"end":{"line":11,"column":22}},"loc":{"start":{"line":11,"column":73},"end":{"line":20,"column":2}}},"2":{"name":"(anonymous_10)","decl":{"start":{"line":11,"column":73},"end":{"line":11,"column":null}},"loc":{"start":{"line":11,"column":73},"end":{"line":20,"column":1}}},"3":{"name":"(anonymous_11)","decl":{"start":{"line":22,"column":17},"end":{"line":22,"column":24}},"loc":{"start":{"line":22,"column":75},"end":{"line":31,"column":2}}},"4":{"name":"(anonymous_12)","decl":{"start":{"line":22,"column":75},"end":{"line":22,"column":null}},"loc":{"start":{"line":22,"column":75},"end":{"line":31,"column":1}}},"5":{"name":"(anonymous_13)","decl":{"start":{"line":27,"column":42},"end":{"line":27,"column":43}},"loc":{"start":{"line":27,"column":49},"end":{"line":27,"column":58}}},"6":{"name":"(anonymous_14)","decl":{"start":{"line":33,"column":23},"end":{"line":33,"column":30}},"loc":{"start":{"line":33,"column":61},"end":{"line":41,"column":2}}},"7":{"name":"(anonymous_15)","decl":{"start":{"line":33,"column":61},"end":{"line":33,"column":null}},"loc":{"start":{"line":33,"column":61},"end":{"line":41,"column":1}}},"8":{"name":"(anonymous_16)","decl":{"start":{"line":43,"column":20},"end":{"line":43,"column":27}},"loc":{"start":{"line":43,"column":58},"end":{"line":47,"column":2}}},"9":{"name":"(anonymous_17)","decl":{"start":{"line":43,"column":58},"end":{"line":43,"column":null}},"loc":{"start":{"line":43,"column":58},"end":{"line":47,"column":1}}},"10":{"name":"(anonymous_18)","decl":{"start":{"line":49,"column":20},"end":{"line":49,"column":27}},"loc":{"start":{"line":49,"column":58},"end":{"line":56,"column":2}}},"11":{"name":"(anonymous_19)","decl":{"start":{"line":49,"column":58},"end":{"line":49,"column":null}},"loc":{"start":{"line":49,"column":58},"end":{"line":56,"column":1}}},"12":{"name":"(anonymous_20)","decl":{"start":{"line":58,"column":23},"end":{"line":58,"column":30}},"loc":{"start":{"line":58,"column":61},"end":{"line":67,"column":2}}},"13":{"name":"(anonymous_21)","decl":{"start":{"line":58,"column":61},"end":{"line":58,"column":null}},"loc":{"start":{"line":58,"column":61},"end":{"line":67,"column":1}}},"14":{"name":"(anonymous_22)","decl":{"start":{"line":69,"column":23},"end":{"line":69,"column":30}},"loc":{"start":{"line":69,"column":61},"end":{"line":75,"column":2}}},"15":{"name":"(anonymous_23)","decl":{"start":{"line":69,"column":61},"end":{"line":69,"column":null}},"loc":{"start":{"line":69,"column":61},"end":{"line":75,"column":1}}}},"branchMap":{"0":{"loc":{"start":{"line":15,"column":2},"end":{"line":17,"column":null}},"type":"if","locations":[{"start":{"line":15,"column":2},"end":{"line":17,"column":null}}]},"1":{"loc":{"start":{"line":25,"column":2},"end":{"line":30,"column":16}},"type":"if","locations":[{"start":{"line":25,"column":2},"end":{"line":30,"column":16}},{"start":{"line":30,"column":9},"end":{"line":30,"column":16}}]},"2":{"loc":{"start":{"line":36,"column":2},"end":{"line":37,"column":null}},"type":"if","locations":[{"start":{"line":36,"column":2},"end":{"line":37,"column":null}}]}},"s":{"0":1,"1":1,"2":1,"3":1,"4":1,"5":0,"6":0,"7":0,"8":0,"9":0,"10":0,"11":1,"12":0,"13":0,"14":0,"15":0,"16":0,"17":0,"18":1,"19":0,"20":0,"21":0,"22":0,"23":1,"24":0,"25":0,"26":1,"27":0,"28":0,"29":0,"30":1,"31":0,"32":0,"33":0,"34":0,"35":1,"36":0,"37":0,"38":0,"39":0,"40":1},"f":{"0":1,"1":0,"2":0,"3":0,"4":0,"5":0,"6":0,"7":0,"8":0,"9":0,"10":0,"11":0,"12":0,"13":0,"14":0,"15":0},"b":{"0":[0],"1":[0,0],"2":[0]}}
,"C:\\Users\\emanu\\Documents\\Proyectos\\backend-entregas\\clase42\\src\\models\\products.ts": {"path":"C:\\Users\\emanu\\Documents\\Proyectos\\backend-entregas\\clase42\\src\\models\\products.ts","statementMap":{"0":{"start":{"line":1,"column":0},"end":{"line":1,"column":22}},"1":{"start":{"line":3,"column":13},"end":{"line":7,"column":3}}},"fnMap":{},"branchMap":{},"s":{"0":1,"1":1},"f":{},"b":{}}
,"C:\\Users\\emanu\\Documents\\Proyectos\\backend-entregas\\clase42\\src\\models\\DAOs\\mongo.ts": {"path":"C:\\Users\\emanu\\Documents\\Proyectos\\backend-entregas\\clase42\\src\\models\\DAOs\\mongo.ts","statementMap":{"0":{"start":{"line":1,"column":0},"end":{"line":1,"column":32}},"1":{"start":{"line":2,"column":0},"end":{"line":2,"column":48}},"2":{"start":{"line":3,"column":0},"end":{"line":3,"column":null}},"3":{"start":{"line":8,"column":0},"end":{"line":8,"column":61}},"4":{"start":{"line":13,"column":10},"end":{"line":20,"column":4}},"5":{"start":{"line":21,"column":9},"end":{"line":21,"column":74}},"6":{"start":{"line":24,"column":4},"end":{"line":29,"column":null}},"7":{"start":{"line":25,"column":6},"end":{"line":25,"column":44}},"8":{"start":{"line":26,"column":6},"end":{"line":26,"column":45}},"9":{"start":{"line":27,"column":6},"end":{"line":27,"column":45}},"10":{"start":{"line":28,"column":6},"end":{"line":28,"column":60}},"11":{"start":{"line":30,"column":4},"end":{"line":30,"column":31}},"12":{"start":{"line":34,"column":4},"end":{"line":34,"column":43}},"13":{"start":{"line":38,"column":32},"end":{"line":38,"column":34}},"14":{"start":{"line":40,"column":4},"end":{"line":46,"column":null}},"15":{"start":{"line":41,"column":6},"end":{"line":42,"column":74}},"16":{"start":{"line":42,"column":8},"end":{"line":42,"column":74}},"17":{"start":{"line":43,"column":23},"end":{"line":43,"column":56}},"18":{"start":{"line":44,"column":6},"end":{"line":45,"column":77}},"19":{"start":{"line":44,"column":20},"end":{"line":44,"column":53}},"20":{"start":{"line":45,"column":11},"end":{"line":45,"column":77}},"21":{"start":{"line":47,"column":4},"end":{"line":47,"column":41}},"22":{"start":{"line":48,"column":4},"end":{"line":48,"column":63}},"23":{"start":{"line":48,"column":36},"end":{"line":48,"column":61}},"24":{"start":{"line":52,"column":23},"end":{"line":52,"column":56}},"25":{"start":{"line":53,"column":4},"end":{"line":53,"column":39}},"26":{"start":{"line":57,"column":19},"end":{"line":59,"column":6}},"27":{"start":{"line":60,"column":4},"end":{"line":61,"column":72}},"28":{"start":{"line":61,"column":6},"end":{"line":61,"column":72}},"29":{"start":{"line":62,"column":4},"end":{"line":62,"column":35}},"30":{"start":{"line":66,"column":4},"end":{"line":66,"column":47}},"31":{"start":{"line":70,"column":4},"end":{"line":70,"column":41}},"32":{"start":{"line":10,"column":0},"end":{"line":10,"column":21}}},"fnMap":{"0":{"name":"(anonymous_8)","decl":{"start":{"line":10,"column":0},"end":{"line":10,"column":21}},"loc":{"start":{"line":10,"column":0},"end":{"line":72,"column":1}}},"1":{"name":"(anonymous_9)","decl":{"start":{"line":23,"column":2},"end":{"line":23,"column":8}},"loc":{"start":{"line":23,"column":49},"end":{"line":31,"column":null}}},"2":{"name":"(anonymous_11)","decl":{"start":{"line":33,"column":2},"end":{"line":33,"column":9}},"loc":{"start":{"line":33,"column":20},"end":{"line":35,"column":3}}},"3":{"name":"(anonymous_12)","decl":{"start":{"line":37,"column":8},"end":{"line":37,"column":11}},"loc":{"start":{"line":37,"column":23},"end":{"line":49,"column":null}}},"4":{"name":"(anonymous_14)","decl":{"start":{"line":48,"column":22},"end":{"line":48,"column":23}},"loc":{"start":{"line":48,"column":36},"end":{"line":48,"column":61}}},"5":{"name":"(anonymous_15)","decl":{"start":{"line":51,"column":8},"end":{"line":51,"column":11}},"loc":{"start":{"line":51,"column":29},"end":{"line":54,"column":null}}},"6":{"name":"(anonymous_17)","decl":{"start":{"line":56,"column":8},"end":{"line":56,"column":14}},"loc":{"start":{"line":56,"column":54},"end":{"line":63,"column":null}}},"7":{"name":"(anonymous_19)","decl":{"start":{"line":65,"column":8},"end":{"line":65,"column":14}},"loc":{"start":{"line":65,"column":25},"end":{"line":67,"column":null}}},"8":{"name":"(anonymous_21)","decl":{"start":{"line":69,"column":8},"end":{"line":69,"column":18}},"loc":{"start":{"line":69,"column":18},"end":{"line":71,"column":null}}}},"branchMap":{"0":{"loc":{"start":{"line":23,"column":27},"end":{"line":23,"column":49}},"type":"default-arg","locations":[{"start":{"line":23,"column":44},"end":{"line":23,"column":49}}]},"1":{"loc":{"start":{"line":24,"column":4},"end":{"line":29,"column":null}},"type":"if","locations":[{"start":{"line":24,"column":4},"end":{"line":29,"column":null}}]},"2":{"loc":{"start":{"line":40,"column":4},"end":{"line":46,"column":null}},"type":"if","locations":[{"start":{"line":40,"column":4},"end":{"line":46,"column":null}}]},"3":{"loc":{"start":{"line":41,"column":6},"end":{"line":42,"column":74}},"type":"if","locations":[{"start":{"line":41,"column":6},"end":{"line":42,"column":74}}]},"4":{"loc":{"start":{"line":44,"column":6},"end":{"line":45,"column":77}},"type":"if","locations":[{"start":{"line":44,"column":6},"end":{"line":45,"column":77}},{"start":{"line":45,"column":11},"end":{"line":45,"column":77}}]},"5":{"loc":{"start":{"line":60,"column":4},"end":{"line":61,"column":72}},"type":"if","locations":[{"start":{"line":60,"column":4},"end":{"line":61,"column":72}}]}},"s":{"0":1,"1":1,"2":1,"3":1,"4":2,"5":2,"6":2,"7":2,"8":2,"9":2,"10":1,"11":1,"12":0,"13":0,"14":0,"15":0,"16":0,"17":0,"18":0,"19":0,"20":0,"21":0,"22":0,"23":0,"24":0,"25":0,"26":0,"27":0,"28":0,"29":0,"30":0,"31":0,"32":1},"f":{"0":2,"1":2,"2":0,"3":0,"4":0,"5":0,"6":0,"7":0,"8":0},"b":{"0":[2],"1":[2],"2":[0],"3":[0],"4":[0,0],"5":[0]}}
,"C:\\Users\\emanu\\Documents\\Proyectos\\backend-entregas\\clase42\\src\\models\\DAOs\\products.factory.ts": {"path":"C:\\Users\\emanu\\Documents\\Proyectos\\backend-entregas\\clase42\\src\\models\\DAOs\\products.factory.ts","statementMap":{"0":{"start":{"line":1,"column":0},"end":{"line":1,"column":46}},"1":{"start":{"line":2,"column":0},"end":{"line":2,"column":47}},"2":{"start":{"line":3,"column":0},"end":{"line":3,"column":47}},"3":{"start":{"line":8,"column":4},"end":{"line":20,"column":null}},"4":{"start":{"line":10,"column":8},"end":{"line":10,"column":55}},"5":{"start":{"line":11,"column":8},"end":{"line":11,"column":47}},"6":{"start":{"line":14,"column":8},"end":{"line":14,"column":55}},"7":{"start":{"line":15,"column":8},"end":{"line":15,"column":51}},"8":{"start":{"line":18,"column":8},"end":{"line":18,"column":51}},"9":{"start":{"line":19,"column":8},"end":{"line":19,"column":47}},"10":{"start":{"line":6,"column":0},"end":{"line":6,"column":13}}},"fnMap":{"0":{"name":"(anonymous_1)","decl":{"start":{"line":7,"column":2},"end":{"line":7,"column":8}},"loc":{"start":{"line":7,"column":34},"end":{"line":21,"column":3}}}},"branchMap":{"0":{"loc":{"start":{"line":8,"column":4},"end":{"line":20,"column":null}},"type":"switch","locations":[{"start":{"line":9,"column":6},"end":{"line":11,"column":47}},{"start":{"line":13,"column":6},"end":{"line":15,"column":51}},{"start":{"line":17,"column":6},"end":{"line":19,"column":47}}]}},"s":{"0":1,"1":1,"2":1,"3":1,"4":1,"5":1,"6":0,"7":0,"8":0,"9":0,"10":1},"f":{"0":1},"b":{"0":[1,0,0]}}
,"C:\\Users\\emanu\\Documents\\Proyectos\\backend-entregas\\clase42\\src\\models\\DTOs\\products.ts": {"path":"C:\\Users\\emanu\\Documents\\Proyectos\\backend-entregas\\clase42\\src\\models\\DTOs\\products.ts","statementMap":{"0":{"start":{"line":22,"column":4},"end":{"line":22,"column":30}},"1":{"start":{"line":23,"column":4},"end":{"line":23,"column":30}},"2":{"start":{"line":24,"column":4},"end":{"line":24,"column":28}},"3":{"start":{"line":25,"column":4},"end":{"line":25,"column":29}},"4":{"start":{"line":15,"column":0},"end":{"line":15,"column":13}}},"fnMap":{"0":{"name":"(anonymous_0)","decl":{"start":{"line":21,"column":2},"end":{"line":21,"column":14}},"loc":{"start":{"line":21,"column":31},"end":{"line":26,"column":3}}}},"branchMap":{"0":{"loc":{"start":{"line":25,"column":14},"end":{"line":25,"column":28}},"type":"binary-expr","locations":[{"start":{"line":25,"column":14},"end":{"line":25,"column":22}},{"start":{"line":25,"column":26},"end":{"line":25,"column":28}}]}},"s":{"0":0,"1":0,"2":0,"3":0,"4":1},"f":{"0":0},"b":{"0":[0,0]}}
,"C:\\Users\\emanu\\Documents\\Proyectos\\backend-entregas\\clase42\\src\\routes\\index.ts": {"path":"C:\\Users\\emanu\\Documents\\Proyectos\\backend-entregas\\clase42\\src\\routes\\index.ts","statementMap":{"0":{"start":{"line":1,"column":0},"end":{"line":1,"column":33}},"1":{"start":{"line":2,"column":0},"end":{"line":2,"column":39}},"2":{"start":{"line":4,"column":15},"end":{"line":4,"column":23}},"3":{"start":{"line":6,"column":0},"end":{"line":6,"column":39}},"4":{"start":{"line":8,"column":0},"end":{"line":8,"column":22}}},"fnMap":{},"branchMap":{},"s":{"0":1,"1":1,"2":1,"3":1,"4":1},"f":{},"b":{}}
,"C:\\Users\\emanu\\Documents\\Proyectos\\backend-entregas\\clase42\\src\\routes\\products.ts": {"path":"C:\\Users\\emanu\\Documents\\Proyectos\\backend-entregas\\clase42\\src\\routes\\products.ts","statementMap":{"0":{"start":{"line":1,"column":0},"end":{"line":1,"column":33}},"1":{"start":{"line":2,"column":0},"end":{"line":2,"column":60}},"2":{"start":{"line":3,"column":0},"end":{"line":3,"column":44}},"3":{"start":{"line":5,"column":15},"end":{"line":5,"column":23}},"4":{"start":{"line":7,"column":0},"end":{"line":10,"column":2}},"5":{"start":{"line":12,"column":0},"end":{"line":16,"column":2}},"6":{"start":{"line":18,"column":0},"end":{"line":22,"column":2}},"7":{"start":{"line":24,"column":0},"end":{"line":29,"column":2}},"8":{"start":{"line":31,"column":0},"end":{"line":35,"column":2}},"9":{"start":{"line":37,"column":0},"end":{"line":37,"column":22}}},"fnMap":{},"branchMap":{},"s":{"0":1,"1":1,"2":1,"3":1,"4":1,"5":1,"6":1,"7":1,"8":1,"9":1},"f":{},"b":{}}
,"C:\\Users\\emanu\\Documents\\Proyectos\\backend-entregas\\clase42\\src\\services\\db.ts": {"path":"C:\\Users\\emanu\\Documents\\Proyectos\\backend-entregas\\clase42\\src\\services\\db.ts","statementMap":{"0":{"start":{"line":1,"column":0},"end":{"line":1,"column":31}},"1":{"start":{"line":2,"column":0},"end":{"line":2,"column":32}},"2":{"start":{"line":10,"column":4},"end":{"line":10,"column":40}},"3":{"start":{"line":14,"column":4},"end":{"line":19,"column":null}},"4":{"start":{"line":15,"column":6},"end":{"line":15,"column":43}},"5":{"start":{"line":16,"column":18},"end":{"line":16,"column":73}},"6":{"start":{"line":17,"column":6},"end":{"line":17,"column":38}},"7":{"start":{"line":18,"column":6},"end":{"line":18,"column":45}},"8":{"start":{"line":20,"column":4},"end":{"line":20,"column":30}},"9":{"start":{"line":24,"column":4},"end":{"line":24,"column":38}},"10":{"start":{"line":4,"column":0},"end":{"line":4,"column":13}}},"fnMap":{"0":{"name":"(anonymous_8)","decl":{"start":{"line":7,"column":2},"end":{"line":7,"column":25}},"loc":{"start":{"line":7,"column":2},"end":{"line":7,"column":26}}},"1":{"name":"(anonymous_9)","decl":{"start":{"line":9,"column":2},"end":{"line":9,"column":11}},"loc":{"start":{"line":9,"column":22},"end":{"line":11,"column":3}}},"2":{"name":"(anonymous_10)","decl":{"start":{"line":13,"column":2},"end":{"line":13,"column":8}},"loc":{"start":{"line":13,"column":51},"end":{"line":21,"column":null}}},"3":{"name":"(anonymous_12)","decl":{"start":{"line":23,"column":8},"end":{"line":23,"column":18}},"loc":{"start":{"line":23,"column":18},"end":{"line":25,"column":null}}}},"branchMap":{"0":{"loc":{"start":{"line":13,"column":29},"end":{"line":13,"column":51}},"type":"default-arg","locations":[{"start":{"line":13,"column":46},"end":{"line":13,"column":51}}]},"1":{"loc":{"start":{"line":14,"column":4},"end":{"line":19,"column":null}},"type":"if","locations":[{"start":{"line":14,"column":4},"end":{"line":19,"column":null}}]},"2":{"loc":{"start":{"line":16,"column":18},"end":{"line":16,"column":73}},"type":"cond-expr","locations":[{"start":{"line":16,"column":26},"end":{"line":16,"column":48}},{"start":{"line":16,"column":51},"end":{"line":16,"column":73}}]}},"s":{"0":1,"1":1,"2":0,"3":3,"4":2,"5":2,"6":2,"7":2,"8":3,"9":0,"10":1},"f":{"0":2,"1":0,"2":3,"3":0},"b":{"0":[1],"1":[2],"2":[0,2]}}
,"C:\\Users\\emanu\\Documents\\Proyectos\\backend-entregas\\clase42\\src\\services\\error.ts": {"path":"C:\\Users\\emanu\\Documents\\Proyectos\\backend-entregas\\clase42\\src\\services\\error.ts","statementMap":{"0":{"start":{"line":1,"column":0},"end":{"line":1,"column":null}},"1":{"start":{"line":2,"column":2},"end":{"line":2,"column":null}},"2":{"start":{"line":3,"column":2},"end":{"line":3,"column":null}},"3":{"start":{"line":9,"column":4},"end":{"line":9,"column":19}},"4":{"start":{"line":10,"column":4},"end":{"line":10,"column":33}},"5":{"start":{"line":6,"column":0},"end":{"line":6,"column":13}}},"fnMap":{"0":{"name":"(anonymous_0)","decl":{"start":{"line":1,"column":0},"end":{"line":1,"column":12}},"loc":{"start":{"line":1,"column":23},"end":{"line":4,"column":1}}},"1":{"name":"(anonymous_1)","decl":{"start":{"line":8,"column":2},"end":{"line":8,"column":14}},"loc":{"start":{"line":8,"column":54},"end":{"line":11,"column":3}}}},"branchMap":{"0":{"loc":{"start":{"line":1,"column":12},"end":{"line":1,"column":null}},"type":"binary-expr","locations":[{"start":{"line":1,"column":12},"end":{"line":1,"column":23}},{"start":{"line":1,"column":12},"end":{"line":1,"column":null}}]}},"s":{"0":1,"1":1,"2":1,"3":0,"4":0,"5":1},"f":{"0":1,"1":0},"b":{"0":[1,1]}}
,"C:\\Users\\emanu\\Documents\\Proyectos\\backend-entregas\\clase42\\src\\services\\logger.ts": {"path":"C:\\Users\\emanu\\Documents\\Proyectos\\backend-entregas\\clase42\\src\\services\\logger.ts","statementMap":{"0":{"start":{"line":1,"column":0},"end":{"line":1,"column":74}},"1":{"start":{"line":3,"column":45},"end":{"line":3,"column":51}},"2":{"start":{"line":5,"column":40},"end":{"line":14,"column":2}},"3":{"start":{"line":16,"column":13},"end":{"line":16,"column":53}}},"fnMap":{},"branchMap":{},"s":{"0":1,"1":1,"2":1,"3":1},"f":{},"b":{}}
,"C:\\Users\\emanu\\Documents\\Proyectos\\backend-entregas\\clase42\\src\\services\\server.ts": {"path":"C:\\Users\\emanu\\Documents\\Proyectos\\backend-entregas\\clase42\\src\\services\\server.ts","statementMap":{"0":{"start":{"line":1,"column":0},"end":{"line":1,"column":30}},"1":{"start":{"line":2,"column":0},"end":{"line":2,"column":29}},"2":{"start":{"line":3,"column":0},"end":{"line":3,"column":35}},"3":{"start":{"line":4,"column":0},"end":{"line":4,"column":34}},"4":{"start":{"line":7,"column":12},"end":{"line":7,"column":21}},"5":{"start":{"line":9,"column":0},"end":{"line":9,"column":24}},"6":{"start":{"line":11,"column":0},"end":{"line":11,"column":28}},"7":{"start":{"line":13,"column":0},"end":{"line":17,"column":3}},"8":{"start":{"line":14,"column":2},"end":{"line":16,"column":5}},"9":{"start":{"line":19,"column":42},"end":{"line":26,"column":1}},"10":{"start":{"line":20,"column":2},"end":{"line":20,"column":47}},"11":{"start":{"line":21,"column":17},"end":{"line":21,"column":38}},"12":{"start":{"line":22,"column":14},"end":{"line":22,"column":52}},"13":{"start":{"line":23,"column":16},"end":{"line":23,"column":25}},"14":{"start":{"line":24,"column":2},"end":{"line":24,"column":20}},"15":{"start":{"line":25,"column":2},"end":{"line":25,"column":42}},"16":{"start":{"line":28,"column":0},"end":{"line":28,"column":22}},"17":{"start":{"line":30,"column":19},"end":{"line":30,"column":41}},"18":{"start":{"line":32,"column":0},"end":{"line":32,"column":26}}},"fnMap":{"0":{"name":"(anonymous_7)","decl":{"start":{"line":13,"column":8},"end":{"line":13,"column":9}},"loc":{"start":{"line":13,"column":21},"end":{"line":17,"column":1}}},"1":{"name":"(anonymous_8)","decl":{"start":{"line":19,"column":42},"end":{"line":19,"column":43}},"loc":{"start":{"line":19,"column":66},"end":{"line":26,"column":1}}}},"branchMap":{"0":{"loc":{"start":{"line":21,"column":17},"end":{"line":21,"column":38}},"type":"binary-expr","locations":[{"start":{"line":21,"column":17},"end":{"line":21,"column":31}},{"start":{"line":21,"column":35},"end":{"line":21,"column":38}}]},"1":{"loc":{"start":{"line":22,"column":14},"end":{"line":22,"column":52}},"type":"binary-expr","locations":[{"start":{"line":22,"column":14},"end":{"line":22,"column":25}},{"start":{"line":22,"column":29},"end":{"line":22,"column":52}}]}},"s":{"0":1,"1":1,"2":1,"3":1,"4":1,"5":1,"6":1,"7":1,"8":0,"9":1,"10":0,"11":0,"12":0,"13":0,"14":0,"15":0,"16":1,"17":1,"18":1},"f":{"0":0,"1":0},"b":{"0":[0,0],"1":[0,0]}}
}
