TN:
SF:src\api\products.ts
FN:12,(anonymous_8)
FN:16,(anonymous_9)
FN:26,(anonymous_11)
FN:41,(anonymous_12)
FN:45,(anonymous_13)
FN:49,(anonymous_14)
FN:53,(anonymous_15)
FNF:7
FNH:2
FNDA:1,(anonymous_8)
FNDA:1,(anonymous_9)
FNDA:0,(anonymous_11)
FNDA:0,(anonymous_12)
FNDA:0,(anonymous_13)
FNDA:0,(anonymous_14)
FNDA:0,(anonymous_15)
DA:2,1
DA:3,1
DA:4,1
DA:6,1
DA:8,1
DA:13,1
DA:17,1
DA:18,1
DA:19,1
DA:20,1
DA:23,1
DA:27,0
DA:29,0
DA:30,0
DA:36,0
DA:42,0
DA:46,0
DA:50,0
DA:54,0
LF:19
LH:11
BRDA:17,0,0,1
BRDA:29,1,0,0
BRF:2
BRH:1
end_of_record
TN:
SF:src\config\index.ts
FN:4,(anonymous_1)
FNF:1
FNH:1
FNDA:1,(anonymous_1)
DA:1,1
DA:2,1
DA:4,1
DA:5,1
DA:6,1
DA:7,1
DA:10,1
DA:12,1
DA:13,1
DA:14,1
DA:17,1
LF:11
LH:11
BRDA:4,0,0,1
BRDA:4,0,1,1
BRDA:10,1,0,1
BRDA:10,1,1,0
BRDA:12,2,0,1
BRDA:14,3,0,1
BRDA:14,3,1,0
BRDA:18,4,0,1
BRDA:18,4,1,1
BRDA:19,5,0,1
BRDA:19,5,1,0
BRDA:20,6,0,1
BRDA:20,6,1,1
BRF:13
BRH:10
end_of_record
TN:
SF:src\controllers\products.ts
FN:7,(anonymous_8)
FN:11,(anonymous_9)
FN:11,(anonymous_10)
FN:22,(anonymous_11)
FN:22,(anonymous_12)
FN:27,(anonymous_13)
FN:33,(anonymous_14)
FN:33,(anonymous_15)
FN:43,(anonymous_16)
FN:43,(anonymous_17)
FN:49,(anonymous_18)
FN:49,(anonymous_19)
FN:58,(anonymous_20)
FN:58,(anonymous_21)
FN:69,(anonymous_22)
FN:69,(anonymous_23)
FNF:16
FNH:1
FNDA:1,(anonymous_8)
FNDA:0,(anonymous_9)
FNDA:0,(anonymous_10)
FNDA:0,(anonymous_11)
FNDA:0,(anonymous_12)
FNDA:0,(anonymous_13)
FNDA:0,(anonymous_14)
FNDA:0,(anonymous_15)
FNDA:0,(anonymous_16)
FNDA:0,(anonymous_17)
FNDA:0,(anonymous_18)
FNDA:0,(anonymous_19)
FNDA:0,(anonymous_20)
FNDA:0,(anonymous_21)
FNDA:0,(anonymous_22)
FNDA:0,(anonymous_23)
DA:1,1
DA:3,1
DA:7,1
DA:8,1
DA:11,1
DA:12,0
DA:14,0
DA:15,0
DA:16,0
DA:19,0
DA:22,1
DA:23,0
DA:25,0
DA:26,0
DA:27,0
DA:30,0
DA:33,1
DA:34,0
DA:36,0
DA:38,0
DA:43,1
DA:44,0
DA:49,1
DA:50,0
DA:52,0
DA:58,1
DA:59,0
DA:61,0
DA:63,0
DA:69,1
DA:70,0
DA:71,0
DA:72,0
DA:77,1
LF:34
LH:12
BRDA:15,0,0,0
BRDA:25,1,0,0
BRDA:25,1,1,0
BRDA:36,2,0,0
BRF:4
BRH:0
end_of_record
TN:
SF:src\models\products.ts
FNF:0
FNH:0
DA:1,1
DA:3,1
LF:2
LH:2
BRF:0
BRH:0
end_of_record
TN:
SF:src\models\DAOs\mongo.ts
FN:10,(anonymous_8)
FN:23,(anonymous_9)
FN:33,(anonymous_11)
FN:37,(anonymous_12)
FN:48,(anonymous_14)
FN:51,(anonymous_15)
FN:56,(anonymous_17)
FN:65,(anonymous_19)
FN:69,(anonymous_21)
FNF:9
FNH:2
FNDA:2,(anonymous_8)
FNDA:2,(anonymous_9)
FNDA:0,(anonymous_11)
FNDA:0,(anonymous_12)
FNDA:0,(anonymous_14)
FNDA:0,(anonymous_15)
FNDA:0,(anonymous_17)
FNDA:0,(anonymous_19)
FNDA:0,(anonymous_21)
DA:1,1
DA:2,1
DA:3,1
DA:8,1
DA:10,1
DA:13,2
DA:21,2
DA:24,2
DA:25,2
DA:26,2
DA:27,2
DA:28,1
DA:30,1
DA:34,0
DA:38,0
DA:40,0
DA:41,0
DA:42,0
DA:43,0
DA:44,0
DA:45,0
DA:47,0
DA:48,0
DA:52,0
DA:53,0
DA:57,0
DA:60,0
DA:61,0
DA:62,0
DA:66,0
DA:70,0
LF:31
LH:13
BRDA:23,0,0,2
BRDA:24,1,0,2
BRDA:40,2,0,0
BRDA:41,3,0,0
BRDA:44,4,0,0
BRDA:44,4,1,0
BRDA:60,5,0,0
BRF:7
BRH:2
end_of_record
TN:
SF:src\models\DAOs\products.factory.ts
FN:7,(anonymous_1)
FNF:1
FNH:1
FNDA:1,(anonymous_1)
DA:1,1
DA:2,1
DA:3,1
DA:6,1
DA:8,1
DA:10,1
DA:11,1
DA:14,0
DA:15,0
DA:18,0
DA:19,0
LF:11
LH:7
BRDA:8,0,0,1
BRDA:8,0,1,0
BRDA:8,0,2,0
BRF:3
BRH:1
end_of_record
TN:
SF:src\models\DTOs\products.ts
FN:21,(anonymous_0)
FNF:1
FNH:0
FNDA:0,(anonymous_0)
DA:15,1
DA:22,0
DA:23,0
DA:24,0
DA:25,0
LF:5
LH:1
BRDA:25,0,0,0
BRDA:25,0,1,0
BRF:2
BRH:0
end_of_record
TN:
SF:src\routes\index.ts
FNF:0
FNH:0
DA:1,1
DA:2,1
DA:4,1
DA:6,1
DA:8,1
LF:5
LH:5
BRF:0
BRH:0
end_of_record
TN:
SF:src\routes\products.ts
FNF:0
FNH:0
DA:1,1
DA:2,1
DA:3,1
DA:5,1
DA:7,1
DA:12,1
DA:18,1
DA:24,1
DA:31,1
DA:37,1
LF:10
LH:10
BRF:0
BRH:0
end_of_record
TN:
SF:src\services\db.ts
FN:7,(anonymous_8)
FN:9,(anonymous_9)
FN:13,(anonymous_10)
FN:23,(anonymous_12)
FNF:4
FNH:2
FNDA:2,(anonymous_8)
FNDA:0,(anonymous_9)
FNDA:3,(anonymous_10)
FNDA:0,(anonymous_12)
DA:1,1
DA:2,1
DA:4,1
DA:10,0
DA:14,3
DA:15,2
DA:16,2
DA:17,2
DA:18,2
DA:20,3
DA:24,0
LF:11
LH:9
BRDA:13,0,0,1
BRDA:14,1,0,2
BRDA:16,2,0,0
BRDA:16,2,1,2
BRF:4
BRH:3
end_of_record
TN:
SF:src\services\error.ts
FN:1,(anonymous_0)
FN:8,(anonymous_1)
FNF:2
FNH:1
FNDA:1,(anonymous_0)
FNDA:0,(anonymous_1)
DA:1,1
DA:2,1
DA:3,1
DA:6,1
DA:9,0
DA:10,0
LF:6
LH:4
BRDA:1,0,0,1
BRDA:1,0,1,1
BRF:2
BRH:2
end_of_record
TN:
SF:src\services\logger.ts
FNF:0
FNH:0
DA:1,1
DA:3,1
DA:5,1
DA:16,1
LF:4
LH:4
BRF:0
BRH:0
end_of_record
TN:
SF:src\services\server.ts
FN:13,(anonymous_7)
FN:19,(anonymous_8)
FNF:2
FNH:0
FNDA:0,(anonymous_7)
FNDA:0,(anonymous_8)
DA:1,1
DA:2,1
DA:3,1
DA:4,1
DA:7,1
DA:9,1
DA:11,1
DA:13,1
DA:14,0
DA:19,1
DA:20,0
DA:21,0
DA:22,0
DA:23,0
DA:24,0
DA:25,0
DA:28,1
DA:30,1
DA:32,1
LF:19
LH:12
BRDA:21,0,0,0
BRDA:21,0,1,0
BRDA:22,1,0,0
BRDA:22,1,1,0
BRF:4
BRH:0
end_of_record
